d:\program\vc++\opengl\program\vc14\textureparameterization\debug\vc140.pdb
d:\program\vc++\opengl\program\vc14\textureparameterization\debug\vc140.idb
d:\program\vc++\opengl\program\vc14\textureparameterization\debug\common.obj
d:\program\vc++\opengl\program\vc14\textureparameterization\debug\resourcepath.obj
d:\program\vc++\opengl\program\vc14\textureparameterization\debug\shaderobject.obj
d:\program\vc++\opengl\program\vc14\textureparameterization\debug\drawmodelshader.obj
d:\program\vc++\opengl\program\vc14\textureparameterization\debug\drawpickingfaceshader.obj
d:\program\vc++\opengl\program\vc14\textureparameterization\debug\drawtextureshader.obj
d:\program\vc++\opengl\program\vc14\textureparameterization\debug\openmesh.obj
d:\program\vc++\opengl\program\vc14\textureparameterization\debug\pickingshader.obj
d:\program\vc++\opengl\program\vc14\textureparameterization\debug\pickingtexture.obj
d:\program\vc++\opengl\program\vc14\textureparameterization\debug\textureparameterization.obj
d:\program\vc++\opengl\program\vc14\textureparameterization\debug\meshobject.obj
d:\program\vc++\opengl\program\vc14\textureparameterization\debug\tiny_obj_loader.obj
d:\program\vc++\opengl\program\vc14\textureparameterization\debug\viewmanager.obj
d:\shader書\program\tinyframeworkexample\vc14\basictexture\debug\textureparameterization.ilk
d:\shader書\program\tinyframeworkexample\vc14\basictexture\debug\textureparameterization.exe
d:\shader書\program\tinyframeworkexample\vc14\basictexture\debug\textureparameterization.pdb
d:\program\vc++\opengl\program\assets\textureparameterization.ilk
d:\program\vc++\opengl\program\assets\textureparameterization.exe
d:\program\vc++\opengl\program\assets\textureparameterization.pdb
d:\projects\opengl\openmeshexample\program\vc14\textureparameterization\debug\common.obj
d:\projects\opengl\openmeshexample\program\vc14\textureparameterization\debug\drawmodelshader.obj
d:\projects\opengl\openmeshexample\program\vc14\textureparameterization\debug\drawpickingfaceshader.obj
d:\projects\opengl\openmeshexample\program\vc14\textureparameterization\debug\drawtextureshader.obj
d:\projects\opengl\openmeshexample\program\vc14\textureparameterization\debug\main.obj
d:\projects\opengl\openmeshexample\program\vc14\textureparameterization\debug\meshobject.obj
d:\projects\opengl\openmeshexample\program\vc14\textureparameterization\debug\openmesh.obj
d:\projects\opengl\openmeshexample\program\vc14\textureparameterization\debug\pickingshader.obj
d:\projects\opengl\openmeshexample\program\vc14\textureparameterization\debug\pickingtexture.obj
d:\projects\opengl\openmeshexample\program\vc14\textureparameterization\debug\resourcepath.obj
d:\projects\opengl\openmeshexample\program\vc14\textureparameterization\debug\shaderobject.obj
d:\projects\opengl\openmeshexample\program\vc14\textureparameterization\debug\textureparameterization.obj
d:\projects\opengl\openmeshexample\program\vc14\textureparameterization\debug\tiny_obj_loader.obj
d:\projects\opengl\openmeshexample\program\vc14\textureparameterization\debug\viewmanager.obj
d:\projects\opengl\openmeshexample\program\vc14\textureparameterization\debug\vc140.idb
d:\projects\opengl\openmeshexample\program\vc14\textureparameterization\debug\vc140.pdb
d:\projects\opengl\openmeshexample\program\vc14\textureparameterization\debug\texturep.6e499534.tlog\cl.command.1.tlog
d:\projects\opengl\openmeshexample\program\vc14\textureparameterization\debug\texturep.6e499534.tlog\cl.read.1.tlog
d:\projects\opengl\openmeshexample\program\vc14\textureparameterization\debug\texturep.6e499534.tlog\cl.write.1.tlog
d:\projects\opengl\openmeshexample\program\vc14\textureparameterization\debug\texturep.6e499534.tlog\link.command.1.tlog
d:\projects\opengl\openmeshexample\program\vc14\textureparameterization\debug\texturep.6e499534.tlog\link.delete.1.tlog
d:\projects\opengl\openmeshexample\program\vc14\textureparameterization\debug\texturep.6e499534.tlog\link.read.1.tlog
d:\projects\opengl\openmeshexample\program\vc14\textureparameterization\debug\texturep.6e499534.tlog\link.write.1.tlog
