d:\projects\opengl\openmeshexample\program\vc14\textureparameterization\x64\release\vc140.pdb
d:\projects\opengl\openmeshexample\program\vc14\textureparameterization\x64\release\viewmanager.obj
d:\projects\opengl\openmeshexample\program\vc14\textureparameterization\x64\release\tiny_obj_loader.obj
d:\projects\opengl\openmeshexample\program\vc14\textureparameterization\x64\release\meshobject.obj
d:\projects\opengl\openmeshexample\program\vc14\textureparameterization\x64\release\textureparameterization.obj
d:\projects\opengl\openmeshexample\program\vc14\textureparameterization\x64\release\pickingtexture.obj
d:\projects\opengl\openmeshexample\program\vc14\textureparameterization\x64\release\pickingshader.obj
d:\projects\opengl\openmeshexample\program\vc14\textureparameterization\x64\release\openmesh.obj
d:\projects\opengl\openmeshexample\program\vc14\textureparameterization\x64\release\drawpointshader.obj
d:\projects\opengl\openmeshexample\program\vc14\textureparameterization\x64\release\drawpickingfaceshader.obj
d:\projects\opengl\openmeshexample\program\vc14\textureparameterization\x64\release\drawmodelshader.obj
d:\projects\opengl\openmeshexample\program\vc14\textureparameterization\x64\release\shaderobject.obj
d:\projects\opengl\openmeshexample\program\vc14\textureparameterization\x64\release\resourcepath.obj
d:\projects\opengl\openmeshexample\program\vc14\textureparameterization\x64\release\common.obj
d:\projects\opengl\openmeshexample\program\vc14\textureparameterization\..\..\assets\textureparameterization.pdb
d:\projects\opengl\openmeshexample\program\vc14\textureparameterization\..\..\assets\textureparameterization.exe
d:\projects\opengl\openmeshexample\program\vc14\textureparameterization\x64\release\texturep.6e499534.tlog\cl.command.1.tlog
d:\projects\opengl\openmeshexample\program\vc14\textureparameterization\x64\release\texturep.6e499534.tlog\cl.read.1.tlog
d:\projects\opengl\openmeshexample\program\vc14\textureparameterization\x64\release\texturep.6e499534.tlog\cl.write.1.tlog
d:\projects\opengl\openmeshexample\program\vc14\textureparameterization\x64\release\texturep.6e499534.tlog\link.command.1.tlog
d:\projects\opengl\openmeshexample\program\vc14\textureparameterization\x64\release\texturep.6e499534.tlog\link.read.1.tlog
d:\projects\opengl\openmeshexample\program\vc14\textureparameterization\x64\release\texturep.6e499534.tlog\link.write.1.tlog
