d:\program\vc++\opengl\program\vc14\textureparameterization\release\vc140.pdb
d:\program\vc++\opengl\program\vc14\textureparameterization\release\viewmanager.obj
d:\program\vc++\opengl\program\vc14\textureparameterization\release\tiny_obj_loader.obj
d:\program\vc++\opengl\program\vc14\textureparameterization\release\meshobject.obj
d:\program\vc++\opengl\program\vc14\textureparameterization\release\textureparameterization.obj
d:\program\vc++\opengl\program\vc14\textureparameterization\release\pickingtexture.obj
d:\program\vc++\opengl\program\vc14\textureparameterization\release\pickingshader.obj
d:\program\vc++\opengl\program\vc14\textureparameterization\release\openmesh.obj
d:\program\vc++\opengl\program\vc14\textureparameterization\release\drawpointshader.obj
d:\program\vc++\opengl\program\vc14\textureparameterization\release\drawpickingfaceshader.obj
d:\program\vc++\opengl\program\vc14\textureparameterization\release\drawmodelshader.obj
d:\program\vc++\opengl\program\vc14\textureparameterization\release\shaderobject.obj
d:\program\vc++\opengl\program\vc14\textureparameterization\release\resourcepath.obj
d:\program\vc++\opengl\program\vc14\textureparameterization\release\common.obj
d:\projects\opengl\openmeshexample\program\vc14\textureparameterization\release\vc140.pdb
d:\projects\opengl\openmeshexample\program\vc14\textureparameterization\release\viewmanager.obj
d:\projects\opengl\openmeshexample\program\vc14\textureparameterization\release\tiny_obj_loader.obj
d:\projects\opengl\openmeshexample\program\vc14\textureparameterization\release\meshobject.obj
d:\projects\opengl\openmeshexample\program\vc14\textureparameterization\release\textureparameterization.obj
d:\projects\opengl\openmeshexample\program\vc14\textureparameterization\release\pickingtexture.obj
d:\projects\opengl\openmeshexample\program\vc14\textureparameterization\release\pickingshader.obj
d:\projects\opengl\openmeshexample\program\vc14\textureparameterization\release\openmesh.obj
d:\projects\opengl\openmeshexample\program\vc14\textureparameterization\release\drawpointshader.obj
d:\projects\opengl\openmeshexample\program\vc14\textureparameterization\release\drawpickingfaceshader.obj
d:\projects\opengl\openmeshexample\program\vc14\textureparameterization\release\drawmodelshader.obj
d:\projects\opengl\openmeshexample\program\vc14\textureparameterization\release\shaderobject.obj
d:\projects\opengl\openmeshexample\program\vc14\textureparameterization\release\resourcepath.obj
d:\projects\opengl\openmeshexample\program\vc14\textureparameterization\release\common.obj
d:\program\vc++\opengl\program\assets\textureparameterization.exe
d:\program\vc++\opengl\program\assets\textureparameterization.ipdb
d:\program\vc++\opengl\program\assets\textureparameterization.iobj
d:\program\vc++\opengl\program\assets\textureparameterization.pdb
d:\projects\opengl\openmeshexample\program\assets\textureparameterization.exe
d:\projects\opengl\openmeshexample\program\assets\textureparameterization.ipdb
d:\projects\opengl\openmeshexample\program\assets\textureparameterization.iobj
d:\projects\opengl\openmeshexample\program\assets\textureparameterization.pdb
d:\projects\opengl\openmeshexample\program\vc14\textureparameterization\release\drawtextureshader.obj
d:\projects\opengl\openmeshexample\program\vc14\textureparameterization\release\texturep.6e499534.tlog\cl.command.1.tlog
d:\projects\opengl\openmeshexample\program\vc14\textureparameterization\release\texturep.6e499534.tlog\cl.read.1.tlog
d:\projects\opengl\openmeshexample\program\vc14\textureparameterization\release\texturep.6e499534.tlog\cl.write.1.tlog
d:\projects\opengl\openmeshexample\program\vc14\textureparameterization\release\texturep.6e499534.tlog\link.command.1.tlog
d:\projects\opengl\openmeshexample\program\vc14\textureparameterization\release\texturep.6e499534.tlog\link.read.1.tlog
d:\projects\opengl\openmeshexample\program\vc14\textureparameterization\release\texturep.6e499534.tlog\link.write.1.tlog
