C:\Program Files (x86)\Microsoft Visual Studio\2017\BuildTools\Common7\IDE\VC\VCTargets\Microsoft.CppBuild.targets(377,5): warning MSB8004: Output 目錄結尾不是結尾斜線。這個建置執行個體將會加入此斜線，因為這樣才能正確評估 Output 目錄。
  TextureParameterization.cpp
c:\users\user\desktop\mymesh\openmeshuv\program\source\textureparameterization\textureparameterization.cpp(671): warning C4018: '<': signed/unsigned 不相符
c:\users\user\desktop\mymesh\openmeshuv\program\source\textureparameterization\textureparameterization.cpp(673): warning C4018: '<': signed/unsigned 不相符
c:\users\user\desktop\mymesh\openmeshuv\program\source\textureparameterization\textureparameterization.cpp(683): warning C4018: '<': signed/unsigned 不相符
c:\users\user\desktop\mymesh\openmeshuv\program\source\textureparameterization\textureparameterization.cpp(694): warning C4018: '<': signed/unsigned 不相符
c:\users\user\desktop\mymesh\openmeshuv\program\source\textureparameterization\textureparameterization.cpp(716): warning C4018: '<': signed/unsigned 不相符
c:\users\user\desktop\mymesh\openmeshuv\program\source\textureparameterization\textureparameterization.cpp(756): warning C4018: '<': signed/unsigned 不相符
c:\users\user\desktop\mymesh\openmeshuv\program\source\textureparameterization\textureparameterization.cpp(758): warning C4018: '<': signed/unsigned 不相符
c:\users\user\desktop\mymesh\openmeshuv\program\source\textureparameterization\textureparameterization.cpp(769): warning C4018: '<': signed/unsigned 不相符
c:\users\user\desktop\mymesh\openmeshuv\program\source\textureparameterization\textureparameterization.cpp(786): warning C4018: '<': signed/unsigned 不相符
c:\users\user\desktop\mymesh\openmeshuv\program\source\textureparameterization\textureparameterization.cpp(798): warning C4018: '<': signed/unsigned 不相符
c:\users\user\desktop\mymesh\openmeshuv\program\source\textureparameterization\textureparameterization.cpp(800): warning C4018: '<': signed/unsigned 不相符
c:\users\user\desktop\mymesh\openmeshuv\program\source\textureparameterization\textureparameterization.cpp(818): warning C4018: '<': signed/unsigned 不相符
c:\users\user\desktop\mymesh\openmeshuv\program\source\textureparameterization\textureparameterization.cpp(820): warning C4018: '<': signed/unsigned 不相符
c:\users\user\desktop\mymesh\openmeshuv\program\source\textureparameterization\textureparameterization.cpp(832): warning C4244: '=': 將 'double' 轉換為 'Scalar'，由於類型不同，可能導致資料遺失
          with
          [
              Scalar=float
          ]
c:\users\user\desktop\mymesh\openmeshuv\program\source\textureparameterization\textureparameterization.cpp(833): warning C4244: '=': 將 'double' 轉換為 'Scalar'，由於類型不同，可能導致資料遺失
          with
          [
              Scalar=float
          ]
c:\users\user\desktop\mymesh\openmeshuv\program\source\textureparameterization\textureparameterization.cpp(622): warning C4101: 'Pointidx': 未參考的區域變數
c:\users\user\desktop\mymesh\openmeshuv\program\source\textureparameterization\textureparameterization.cpp(1255): warning C4305: '+=': 從 'double' 轉換為 'float'，是由較大的類型轉換為較小的類型，可能導致資料遺失
c:\users\user\desktop\mymesh\openmeshuv\program\source\textureparameterization\textureparameterization.cpp(1259): warning C4305: '-=': 從 'double' 轉換為 'float'，是由較大的類型轉換為較小的類型，可能導致資料遺失
c:\users\user\desktop\mymesh\openmeshuv\program\source\textureparameterization\textureparameterization.cpp(1263): warning C4305: '-=': 從 'double' 轉換為 'float'，是由較大的類型轉換為較小的類型，可能導致資料遺失
c:\users\user\desktop\mymesh\openmeshuv\program\source\textureparameterization\textureparameterization.cpp(1267): warning C4305: '+=': 從 'double' 轉換為 'float'，是由較大的類型轉換為較小的類型，可能導致資料遺失
c:\users\user\desktop\mymesh\openmeshuv\program\source\textureparameterization\textureparameterization.cpp(1271): warning C4305: '+=': 從 'double' 轉換為 'float'，是由較大的類型轉換為較小的類型，可能導致資料遺失
c:\users\user\desktop\mymesh\openmeshuv\program\source\textureparameterization\textureparameterization.cpp(1275): warning C4305: '-=': 從 'double' 轉換為 'float'，是由較大的類型轉換為較小的類型，可能導致資料遺失
c:\users\user\desktop\mymesh\openmeshuv\program\source\textureparameterization\textureparameterization.cpp(1399): warning C4018: '<': signed/unsigned 不相符
c:\users\user\desktop\mymesh\openmeshuv\program\source\textureparameterization\textureparameterization.cpp(1401): warning C4018: '<': signed/unsigned 不相符
c:\users\user\desktop\mymesh\openmeshuv\program\source\textureparameterization\textureparameterization.cpp(1415): warning C4018: '<': signed/unsigned 不相符
c:\users\user\desktop\mymesh\openmeshuv\program\source\textureparameterization\textureparameterization.cpp(1431): warning C4018: '<': signed/unsigned 不相符
c:\users\user\desktop\mymesh\openmeshuv\program\source\textureparameterization\textureparameterization.cpp(1484): warning C4018: '<': signed/unsigned 不相符
c:\users\user\desktop\mymesh\openmeshuv\program\source\textureparameterization\textureparameterization.cpp(1514): warning C4018: '<': signed/unsigned 不相符
c:\users\user\desktop\mymesh\openmeshuv\program\source\textureparameterization\textureparameterization.cpp(1532): warning C4244: '=': 將 'double' 轉換為 'Scalar'，由於類型不同，可能導致資料遺失
          with
          [
              Scalar=float
          ]
c:\users\user\desktop\mymesh\openmeshuv\program\source\textureparameterization\textureparameterization.cpp(1541): warning C4244: '=': 將 'double' 轉換為 'Scalar'，由於類型不同，可能導致資料遺失
          with
          [
              Scalar=float
          ]
c:\users\user\desktop\mymesh\openmeshuv\program\source\textureparameterization\textureparameterization.cpp(1552): warning C4244: '=': 將 'double' 轉換為 'Scalar'，由於類型不同，可能導致資料遺失
          with
          [
              Scalar=float
          ]
c:\users\user\desktop\mymesh\openmeshuv\program\source\textureparameterization\textureparameterization.cpp(1561): warning C4244: '=': 將 'double' 轉換為 'Scalar'，由於類型不同，可能導致資料遺失
          with
          [
              Scalar=float
          ]
c:\users\user\desktop\mymesh\openmeshuv\program\source\textureparameterization\textureparameterization.cpp(1575): warning C4018: '<': signed/unsigned 不相符
c:\users\user\desktop\mymesh\openmeshuv\program\source\textureparameterization\textureparameterization.cpp(1593): warning C4018: '<': signed/unsigned 不相符
c:\users\user\desktop\mymesh\openmeshuv\program\source\textureparameterization\textureparameterization.cpp(1634): warning C4244: '=': 將 'double' 轉換為 'Scalar'，由於類型不同，可能導致資料遺失
          with
          [
              Scalar=float
          ]
c:\users\user\desktop\mymesh\openmeshuv\program\source\textureparameterization\textureparameterization.cpp(1646): warning C4018: '<': signed/unsigned 不相符
c:\users\user\desktop\mymesh\openmeshuv\program\source\textureparameterization\textureparameterization.cpp(1653): warning C4018: '<': signed/unsigned 不相符
c:\users\user\desktop\mymesh\openmeshuv\program\source\textureparameterization\textureparameterization.cpp(1658): warning C4018: '<': signed/unsigned 不相符
c:\users\user\desktop\mymesh\openmeshuv\program\source\textureparameterization\textureparameterization.cpp(1722): warning C4018: '<': signed/unsigned 不相符
c:\users\user\desktop\mymesh\openmeshuv\program\source\textureparameterization\textureparameterization.cpp(1739): warning C4018: '<': signed/unsigned 不相符
c:\users\user\desktop\mymesh\openmeshuv\program\source\textureparameterization\textureparameterization.cpp(1755): warning C4018: '<': signed/unsigned 不相符
c:\users\user\desktop\mymesh\openmeshuv\program\source\textureparameterization\textureparameterization.cpp(1781): warning C4018: '<': signed/unsigned 不相符
c:\users\user\desktop\mymesh\openmeshuv\program\source\textureparameterization\textureparameterization.cpp(1785): warning C4244: '=': 將 'double' 轉換為 'Scalar'，由於類型不同，可能導致資料遺失
          with
          [
              Scalar=float
          ]
c:\users\user\desktop\mymesh\openmeshuv\program\source\textureparameterization\textureparameterization.cpp(1786): warning C4244: '=': 將 'double' 轉換為 'Scalar'，由於類型不同，可能導致資料遺失
          with
          [
              Scalar=float
          ]
c:\users\user\desktop\mymesh\openmeshuv\program\source\textureparameterization\textureparameterization.cpp(1856): warning C4018: '<': signed/unsigned 不相符
c:\users\user\desktop\mymesh\openmeshuv\program\source\textureparameterization\textureparameterization.cpp(1900): warning C4018: '<': signed/unsigned 不相符
c:\users\user\desktop\mymesh\openmeshuv\program\source\textureparameterization\textureparameterization.cpp(1926): warning C4018: '<': signed/unsigned 不相符
c:\users\user\desktop\mymesh\openmeshuv\program\source\textureparameterization\textureparameterization.cpp(1929): warning C4244: '=': 將 'double' 轉換為 'Scalar'，由於類型不同，可能導致資料遺失
          with
          [
              Scalar=float
          ]
c:\users\user\desktop\mymesh\openmeshuv\program\source\textureparameterization\textureparameterization.cpp(1930): warning C4244: '=': 將 'double' 轉換為 'Scalar'，由於類型不同，可能導致資料遺失
          with
          [
              Scalar=float
          ]
c:\users\user\desktop\mymesh\openmeshuv\program\source\textureparameterization\textureparameterization.cpp(1931): warning C4018: '<': signed/unsigned 不相符
c:\users\user\desktop\mymesh\openmeshuv\program\source\textureparameterization\textureparameterization.cpp(1964): warning C4018: '<': signed/unsigned 不相符
c:\users\user\desktop\mymesh\openmeshuv\program\source\textureparameterization\textureparameterization.cpp(2006): warning C4018: '<': signed/unsigned 不相符
c:\users\user\desktop\mymesh\openmeshuv\program\source\textureparameterization\textureparameterization.cpp(2009): warning C4018: '<': signed/unsigned 不相符
c:\users\user\desktop\mymesh\openmeshuv\program\source\textureparameterization\textureparameterization.cpp(2033): warning C4018: '<': signed/unsigned 不相符
c:\users\user\desktop\mymesh\openmeshuv\program\source\textureparameterization\textureparameterization.cpp(2036): warning C4018: '<': signed/unsigned 不相符
c:\users\user\desktop\mymesh\openmeshuv\program\source\textureparameterization\textureparameterization.cpp(2042): warning C4018: '<': signed/unsigned 不相符
c:\users\user\desktop\mymesh\openmeshuv\program\source\textureparameterization\textureparameterization.cpp(2044): warning C4018: '<': signed/unsigned 不相符
c:\users\user\desktop\mymesh\openmeshuv\program\source\textureparameterization\textureparameterization.cpp(2053): warning C4018: '<': signed/unsigned 不相符
c:\users\user\desktop\mymesh\openmeshuv\program\source\textureparameterization\textureparameterization.cpp(2055): warning C4018: '<': signed/unsigned 不相符
c:\users\user\desktop\mymesh\openmeshuv\program\source\textureparameterization\textureparameterization.cpp(2080): warning C4018: '<': signed/unsigned 不相符
c:\users\user\desktop\mymesh\openmeshuv\program\source\textureparameterization\textureparameterization.cpp(2088): warning C4018: '<': signed/unsigned 不相符
c:\users\user\desktop\mymesh\openmeshuv\program\source\textureparameterization\textureparameterization.cpp(2093): warning C4305: '=': 從 'double' 轉換為 'Scalar'，是由較大的類型轉換為較小的類型，可能導致資料遺失
          with
          [
              Scalar=float
          ]
c:\users\user\desktop\mymesh\openmeshuv\program\source\textureparameterization\textureparameterization.cpp(2110): warning C4244: '=': 將 'double' 轉換為 'Scalar'，由於類型不同，可能導致資料遺失
          with
          [
              Scalar=float
          ]
c:\users\user\desktop\mymesh\openmeshuv\program\source\textureparameterization\textureparameterization.cpp(2121): warning C4244: '=': 將 'double' 轉換為 'Scalar'，由於類型不同，可能導致資料遺失
          with
          [
              Scalar=float
          ]
c:\users\user\desktop\mymesh\openmeshuv\program\source\textureparameterization\textureparameterization.cpp(2169): warning C4018: '<': signed/unsigned 不相符
c:\users\user\desktop\mymesh\openmeshuv\program\source\textureparameterization\textureparameterization.cpp(2228): warning C4244: '正在初始化': 將 'GLuint' 轉換為 'float'，由於類型不同，可能導致資料遺失
c:\users\user\desktop\mymesh\openmeshuv\program\source\textureparameterization\textureparameterization.cpp(2251): warning C4244: '=': 將 'float' 轉換為 'int'，由於類型不同，可能導致資料遺失
c:\users\user\desktop\mymesh\openmeshuv\program\source\textureparameterization\textureparameterization.cpp(2253): warning C4244: '引數': 將 'float' 轉換為 'const int'，由於類型不同，可能導致資料遺失
c:\users\user\desktop\mymesh\openmeshuv\program\source\textureparameterization\textureparameterization.cpp(2255): warning C4244: '引數': 將 'float' 轉換為 'const int'，由於類型不同，可能導致資料遺失
c:\users\user\desktop\mymesh\openmeshuv\program\source\textureparameterization\textureparameterization.cpp(2256): warning C4244: '引數': 將 'float' 轉換為 'const int'，由於類型不同，可能導致資料遺失
c:\users\user\desktop\mymesh\openmeshuv\program\source\textureparameterization\textureparameterization.cpp(2260): warning C4244: '引數': 將 'float' 轉換為 'const int'，由於類型不同，可能導致資料遺失
c:\users\user\desktop\mymesh\openmeshuv\program\source\textureparameterization\textureparameterization.cpp(2261): warning C4244: '引數': 將 'float' 轉換為 'const int'，由於類型不同，可能導致資料遺失
c:\users\user\desktop\mymesh\openmeshuv\program\source\textureparameterization\textureparameterization.cpp(2297): warning C4018: '<': signed/unsigned 不相符
  正在產生程式碼
  11 of 6511 functions ( 0.2%) were compiled, the rest were copied from previous compilation.
    0 functions were new in current compilation
    54 functions had inline decision re-evaluated but remain unchanged
  已完成程式碼產生
  TextureParameterization.vcxproj -> C:\Users\User\Desktop\Mymesh\OpenMeshUV\Program\VC14\TextureParameterization\..\..\Assets\TextureParameterization.exe
